<?xml version="1.0" encoding="UTF-8"?>
<!-- Generated by org.testng.reporters.JUnitReportReporter -->
<testsuite hostname="DESKTOP-T2FG83M" failures="0" tests="2" name="runner.Runner1" time="56.095" errors="0" timestamp="11 Nov 2022 09:03:24 GMT">
  <testcase classname="runner.Runner1" name="runScenario" time="30.325"/>
  <testcase classname="runner.Runner1" name="runScenario" time="25.770"/>
</testsuite> <!-- runner.Runner1 -->
